  C1DBCs.cpp
  C1DField.cpp
  C1DMethod.cpp
  FEOS.cpp
  C1DProblem.cpp
  F1DReconstruction.cpp
  F1DSimulation.cpp
  COutput.cpp
  CTestToro.cpp
  eosold.cpp
  eosAnalytic.cpp
  eosAnalyticAu.cpp
  eosAnalyticFe.cpp
  eosAnalyticNi.cpp
  eosAnalyticTa.cpp
  eosFigures.cpp
  eosIdeal.cpp
  eosTable.cpp
D:\icad\fsla\eosTable.cpp(362,10): error C2664: 'void EOSTTable::create(char *,std::string,double,EOSTScale *,EOSTScale *,int)': cannot convert argument 1 from 'const char [11]' to 'char *'
D:\icad\fsla\eosTable.cpp(362,18): message : Conversion from string literal loses const qualifier (see /Zc:strictStrings)
D:\icad\fsla\eosTable_table.h(16,7): message : see declaration of 'EOSTTable::create'
D:\icad\fsla\eosTable.cpp(362,10): message : while trying to match the argument list '(const char [11], const char [1], double, EOSTScale *, EOSTScale *, int)'
D:\icad\fsla\eosTable.cpp(363,10): error C2664: 'void EOSTTable::create(char *,std::string,double,EOSTScale *,EOSTScale *,int)': cannot convert argument 1 from 'const char [11]' to 'char *'
D:\icad\fsla\eosTable.cpp(363,18): message : Conversion from string literal loses const qualifier (see /Zc:strictStrings)
D:\icad\fsla\eosTable_table.h(16,7): message : see declaration of 'EOSTTable::create'
D:\icad\fsla\eosTable.cpp(363,10): message : while trying to match the argument list '(const char [11], const char [1], double, EOSTScale *, EOSTScale *, int)'
D:\icad\fsla\eosTable.cpp(442,16): error C2664: 'void EOSTTable::create(char *,std::string,double,EOSTScale *,EOSTScale *,int)': cannot convert argument 1 from 'const char [11]' to 'char *'
D:\icad\fsla\eosTable.cpp(442,24): message : Conversion from string literal loses const qualifier (see /Zc:strictStrings)
D:\icad\fsla\eosTable_table.h(16,7): message : see declaration of 'EOSTTable::create'
D:\icad\fsla\eosTable.cpp(442,16): message : while trying to match the argument list '(const char [11], std::string, double, EOSTScale *, EOSTScale *, int)'
D:\icad\fsla\eosTable.cpp(446,10): error C2664: 'void EOSTScale::getFromFile(char *,std::string,int,double,double,double)': cannot convert argument 1 from 'const char [10]' to 'char *'
D:\icad\fsla\eosTable.cpp(446,23): message : Conversion from string literal loses const qualifier (see /Zc:strictStrings)
D:\icad\fsla\eosTable_scale.h(17,7): message : see declaration of 'EOSTScale::getFromFile'
D:\icad\fsla\eosTable.cpp(446,10): message : while trying to match the argument list '(const char [10], std::string, int, double, double, double)'
D:\icad\fsla\eosTable.cpp(447,10): error C2664: 'void EOSTScale::getFromFile(char *,std::string,int,double,double,double)': cannot convert argument 1 from 'const char [10]' to 'char *'
D:\icad\fsla\eosTable.cpp(447,23): message : Conversion from string literal loses const qualifier (see /Zc:strictStrings)
D:\icad\fsla\eosTable_scale.h(17,7): message : see declaration of 'EOSTScale::getFromFile'
D:\icad\fsla\eosTable.cpp(447,10): message : while trying to match the argument list '(const char [10], std::string, int, double, double, double)'
D:\icad\fsla\eosTable.cpp(452,13): error C2664: 'void EOSTTable::create(char *,std::string,double,EOSTScale *,EOSTScale *,int)': cannot convert argument 1 from 'const char [11]' to 'char *'
D:\icad\fsla\eosTable.cpp(452,21): message : Conversion from string literal loses const qualifier (see /Zc:strictStrings)
D:\icad\fsla\eosTable_table.h(16,7): message : see declaration of 'EOSTTable::create'
D:\icad\fsla\eosTable.cpp(452,13): message : while trying to match the argument list '(const char [11], std::string, double, EOSTScale *, EOSTScale *, int)'
D:\icad\fsla\eosTable.cpp(453,13): error C2664: 'void EOSTTable::create(char *,std::string,double,EOSTScale *,EOSTScale *,int)': cannot convert argument 1 from 'const char [15]' to 'char *'
D:\icad\fsla\eosTable.cpp(453,21): message : Conversion from string literal loses const qualifier (see /Zc:strictStrings)
D:\icad\fsla\eosTable_table.h(16,7): message : see declaration of 'EOSTTable::create'
D:\icad\fsla\eosTable.cpp(453,13): message : while trying to match the argument list '(const char [15], std::string, double, EOSTScale *, EOSTScale *, int)'
D:\icad\fsla\eosTable.cpp(464,14): error C2664: 'void EOSTTable::create(char *,std::string,double,EOSTScale *,EOSTScale *,int)': cannot convert argument 1 from 'const char [11]' to 'char *'
D:\icad\fsla\eosTable.cpp(464,22): message : Conversion from string literal loses const qualifier (see /Zc:strictStrings)
D:\icad\fsla\eosTable_table.h(16,7): message : see declaration of 'EOSTTable::create'
D:\icad\fsla\eosTable.cpp(464,14): message : while trying to match the argument list '(const char [11], std::string, double, EOSTScale *, EOSTScale *, int)'
D:\icad\fsla\eosTable.cpp(465,17): error C2664: 'void EOSTTable::create(char *,std::string,double,EOSTScale *,EOSTScale *,int)': cannot convert argument 1 from 'const char [11]' to 'char *'
D:\icad\fsla\eosTable.cpp(465,25): message : Conversion from string literal loses const qualifier (see /Zc:strictStrings)
D:\icad\fsla\eosTable_table.h(16,7): message : see declaration of 'EOSTTable::create'
D:\icad\fsla\eosTable.cpp(465,17): message : while trying to match the argument list '(const char [11], std::string, double, EOSTScale *, EOSTScale *, int)'
  eosTableAu.cpp
D:\icad\fsla\eosTableAu.cpp(117,12): error C2664: 'void EOSTScale::getFromFile(char *,std::string,int,double,double,double)': cannot convert argument 1 from 'const char [10]' to 'char *'
D:\icad\fsla\eosTableAu.cpp(117,25): message : Conversion from string literal loses const qualifier (see /Zc:strictStrings)
D:\icad\fsla\eosTable_scale.h(17,7): message : see declaration of 'EOSTScale::getFromFile'
D:\icad\fsla\eosTableAu.cpp(117,12): message : while trying to match the argument list '(const char [10], std::string, int, double, double, double)'
D:\icad\fsla\eosTableAu.cpp(118,9): error C2664: 'void EOSTScale::getFromFile(char *,std::string,int,double,double,double)': cannot convert argument 1 from 'const char [10]' to 'char *'
D:\icad\fsla\eosTableAu.cpp(118,22): message : Conversion from string literal loses const qualifier (see /Zc:strictStrings)
D:\icad\fsla\eosTable_scale.h(17,7): message : see declaration of 'EOSTScale::getFromFile'
D:\icad\fsla\eosTableAu.cpp(118,9): message : while trying to match the argument list '(const char [10], std::string, int, double, double, double)'
D:\icad\fsla\eosTableAu.cpp(119,16): error C2664: 'void EOSTTable::create(char *,std::string,double,EOSTScale *,EOSTScale *,int)': cannot convert argument 1 from 'const char [11]' to 'char *'
D:\icad\fsla\eosTableAu.cpp(119,24): message : Conversion from string literal loses const qualifier (see /Zc:strictStrings)
D:\icad\fsla\eosTable_table.h(16,7): message : see declaration of 'EOSTTable::create'
D:\icad\fsla\eosTableAu.cpp(119,16): message : while trying to match the argument list '(const char [11], std::string, double, EOSTScale *, EOSTScale *, int)'
D:\icad\fsla\eosTableAu.cpp(120,13): error C2664: 'void EOSTTable::create(char *,std::string,double,EOSTScale *,EOSTScale *,int)': cannot convert argument 1 from 'const char [11]' to 'char *'
D:\icad\fsla\eosTableAu.cpp(120,21): message : Conversion from string literal loses const qualifier (see /Zc:strictStrings)
D:\icad\fsla\eosTable_table.h(16,7): message : see declaration of 'EOSTTable::create'
D:\icad\fsla\eosTableAu.cpp(120,13): message : while trying to match the argument list '(const char [11], std::string, double, EOSTScale *, EOSTScale *, int)'
D:\icad\fsla\eosTableAu.cpp(121,13): error C2664: 'void EOSTTable::create(char *,std::string,double,EOSTScale *,EOSTScale *,int)': cannot convert argument 1 from 'const char [10]' to 'char *'
D:\icad\fsla\eosTableAu.cpp(121,21): message : Conversion from string literal loses const qualifier (see /Zc:strictStrings)
D:\icad\fsla\eosTable_table.h(16,7): message : see declaration of 'EOSTTable::create'
D:\icad\fsla\eosTableAu.cpp(121,13): message : while trying to match the argument list '(const char [10], std::string, double, EOSTScale *, EOSTScale *, int)'
D:\icad\fsla\eosTableAu.cpp(122,13): error C2664: 'void EOSTTable::create(char *,std::string,double,EOSTScale *,EOSTScale *,int)': cannot convert argument 1 from 'const char [11]' to 'char *'
D:\icad\fsla\eosTableAu.cpp(122,21): message : Conversion from string literal loses const qualifier (see /Zc:strictStrings)
D:\icad\fsla\eosTable_table.h(16,7): message : see declaration of 'EOSTTable::create'
D:\icad\fsla\eosTableAu.cpp(122,13): message : while trying to match the argument list '(const char [11], std::string, double, EOSTScale *, EOSTScale *, int)'
D:\icad\fsla\eosTableAu.cpp(123,13): error C2664: 'void EOSTTable::create(char *,std::string,double,EOSTScale *,EOSTScale *,int)': cannot convert argument 1 from 'const char [11]' to 'char *'
D:\icad\fsla\eosTableAu.cpp(123,21): message : Conversion from string literal loses const qualifier (see /Zc:strictStrings)
D:\icad\fsla\eosTable_table.h(16,7): message : see declaration of 'EOSTTable::create'
D:\icad\fsla\eosTableAu.cpp(123,13): message : while trying to match the argument list '(const char [11], std::string, double, EOSTScale *, EOSTScale *, int)'
D:\icad\fsla\eosTableAu.cpp(124,13): error C2664: 'void EOSTTable::create(char *,std::string,double,EOSTScale *,EOSTScale *,int)': cannot convert argument 1 from 'const char [11]' to 'char *'
D:\icad\fsla\eosTableAu.cpp(124,21): message : Conversion from string literal loses const qualifier (see /Zc:strictStrings)
D:\icad\fsla\eosTable_table.h(16,7): message : see declaration of 'EOSTTable::create'
D:\icad\fsla\eosTableAu.cpp(124,13): message : while trying to match the argument list '(const char [11], std::string, double, EOSTScale *, EOSTScale *, int)'
  eosTableFe.cpp
D:\icad\fsla\eosTableFe.cpp(181,10): error C2664: 'void EOSTScale::getFromFile(char *,std::string,int,double,double,double)': cannot convert argument 1 from 'const char [10]' to 'char *'
D:\icad\fsla\eosTableFe.cpp(181,23): message : Conversion from string literal loses const qualifier (see /Zc:strictStrings)
D:\icad\fsla\eosTable_scale.h(17,7): message : see declaration of 'EOSTScale::getFromFile'
D:\icad\fsla\eosTableFe.cpp(181,10): message : while trying to match the argument list '(const char [10], std::string, int, double, double, double)'
D:\icad\fsla\eosTableFe.cpp(182,10): error C2664: 'void EOSTScale::getFromFile(char *,std::string,int,double,double,double)': cannot convert argument 1 from 'const char [10]' to 'char *'
D:\icad\fsla\eosTableFe.cpp(182,23): message : Conversion from string literal loses const qualifier (see /Zc:strictStrings)
D:\icad\fsla\eosTable_scale.h(17,7): message : see declaration of 'EOSTScale::getFromFile'
D:\icad\fsla\eosTableFe.cpp(182,10): message : while trying to match the argument list '(const char [10], std::string, int, double, double, double)'
D:\icad\fsla\eosTableFe.cpp(184,13): error C2664: 'void EOSTTable::create(char *,std::string,double,EOSTScale *,EOSTScale *,int)': cannot convert argument 1 from 'const char [11]' to 'char *'
D:\icad\fsla\eosTableFe.cpp(184,21): message : Conversion from string literal loses const qualifier (see /Zc:strictStrings)
D:\icad\fsla\eosTable_table.h(16,7): message : see declaration of 'EOSTTable::create'
D:\icad\fsla\eosTableFe.cpp(184,13): message : while trying to match the argument list '(const char [11], std::string, double, EOSTScale *, EOSTScale *, int)'
D:\icad\fsla\eosTableFe.cpp(185,13): error C2664: 'void EOSTTable::create(char *,std::string,double,EOSTScale *,EOSTScale *,int)': cannot convert argument 1 from 'const char [11]' to 'char *'
D:\icad\fsla\eosTableFe.cpp(185,21): message : Conversion from string literal loses const qualifier (see /Zc:strictStrings)
D:\icad\fsla\eosTable_table.h(16,7): message : see declaration of 'EOSTTable::create'
D:\icad\fsla\eosTableFe.cpp(185,13): message : while trying to match the argument list '(const char [11], std::string, double, EOSTScale *, EOSTScale *, int)'
D:\icad\fsla\eosTableFe.cpp(187,14): error C2664: 'void EOSTTable::create(char *,std::string,double,EOSTScale *,EOSTScale *,int)': cannot convert argument 1 from 'const char [11]' to 'char *'
D:\icad\fsla\eosTableFe.cpp(187,22): message : Conversion from string literal loses const qualifier (see /Zc:strictStrings)
D:\icad\fsla\eosTable_table.h(16,7): message : see declaration of 'EOSTTable::create'
D:\icad\fsla\eosTableFe.cpp(187,14): message : while trying to match the argument list '(const char [11], std::string, double, EOSTScale *, EOSTScale *, int)'
D:\icad\fsla\eosTableFe.cpp(188,17): error C2664: 'void EOSTTable::create(char *,std::string,double,EOSTScale *,EOSTScale *,int)': cannot convert argument 1 from 'const char [11]' to 'char *'
D:\icad\fsla\eosTableFe.cpp(188,25): message : Conversion from string literal loses const qualifier (see /Zc:strictStrings)
D:\icad\fsla\eosTable_table.h(16,7): message : see declaration of 'EOSTTable::create'
D:\icad\fsla\eosTableFe.cpp(188,17): message : while trying to match the argument list '(const char [11], std::string, double, EOSTScale *, EOSTScale *, int)'
  Compiling...
  eosTableFeAlpha.cpp
D:\icad\fsla\eosTableFeAlpha.cpp(179,16): error C2664: 'void EOSTTable::create(char *,std::string,double,EOSTScale *,EOSTScale *,int)': cannot convert argument 1 from 'const char [11]' to 'char *'
D:\icad\fsla\eosTableFeAlpha.cpp(179,24): message : Conversion from string literal loses const qualifier (see /Zc:strictStrings)
D:\icad\fsla\eosTable_table.h(16,7): message : see declaration of 'EOSTTable::create'
D:\icad\fsla\eosTableFeAlpha.cpp(179,16): message : while trying to match the argument list '(const char [11], std::string, double, EOSTScale *, EOSTScale *, int)'
D:\icad\fsla\eosTableFeAlpha.cpp(183,10): error C2664: 'void EOSTScale::getFromFile(char *,std::string,int,double,double,double)': cannot convert argument 1 from 'const char [10]' to 'char *'
D:\icad\fsla\eosTableFeAlpha.cpp(183,23): message : Conversion from string literal loses const qualifier (see /Zc:strictStrings)
D:\icad\fsla\eosTable_scale.h(17,7): message : see declaration of 'EOSTScale::getFromFile'
D:\icad\fsla\eosTableFeAlpha.cpp(183,10): message : while trying to match the argument list '(const char [10], std::string, int, double, double, double)'
D:\icad\fsla\eosTableFeAlpha.cpp(184,10): error C2664: 'void EOSTScale::getFromFile(char *,std::string,int,double,double,double)': cannot convert argument 1 from 'const char [10]' to 'char *'
D:\icad\fsla\eosTableFeAlpha.cpp(184,23): message : Conversion from string literal loses const qualifier (see /Zc:strictStrings)
D:\icad\fsla\eosTable_scale.h(17,7): message : see declaration of 'EOSTScale::getFromFile'
D:\icad\fsla\eosTableFeAlpha.cpp(184,10): message : while trying to match the argument list '(const char [10], std::string, int, double, double, double)'
D:\icad\fsla\eosTableFeAlpha.cpp(187,13): error C2664: 'void EOSTTable::create(char *,std::string,double,EOSTScale *,EOSTScale *,int)': cannot convert argument 1 from 'const char [11]' to 'char *'
D:\icad\fsla\eosTableFeAlpha.cpp(187,21): message : Conversion from string literal loses const qualifier (see /Zc:strictStrings)
D:\icad\fsla\eosTable_table.h(16,7): message : see declaration of 'EOSTTable::create'
D:\icad\fsla\eosTableFeAlpha.cpp(187,13): message : while trying to match the argument list '(const char [11], std::string, double, EOSTScale *, EOSTScale *, int)'
D:\icad\fsla\eosTableFeAlpha.cpp(188,13): error C2664: 'void EOSTTable::create(char *,std::string,double,EOSTScale *,EOSTScale *,int)': cannot convert argument 1 from 'const char [11]' to 'char *'
D:\icad\fsla\eosTableFeAlpha.cpp(188,21): message : Conversion from string literal loses const qualifier (see /Zc:strictStrings)
D:\icad\fsla\eosTable_table.h(16,7): message : see declaration of 'EOSTTable::create'
D:\icad\fsla\eosTableFeAlpha.cpp(188,13): message : while trying to match the argument list '(const char [11], std::string, double, EOSTScale *, EOSTScale *, int)'
D:\icad\fsla\eosTableFeAlpha.cpp(192,14): error C2664: 'void EOSTTable::create(char *,std::string,double,EOSTScale *,EOSTScale *,int)': cannot convert argument 1 from 'const char [11]' to 'char *'
D:\icad\fsla\eosTableFeAlpha.cpp(192,22): message : Conversion from string literal loses const qualifier (see /Zc:strictStrings)
D:\icad\fsla\eosTable_table.h(16,7): message : see declaration of 'EOSTTable::create'
D:\icad\fsla\eosTableFeAlpha.cpp(192,14): message : while trying to match the argument list '(const char [11], std::string, double, EOSTScale *, EOSTScale *, int)'
  eosTableNi.cpp
D:\icad\fsla\eosTableNi.cpp(130,16): error C2664: 'void EOSTTable::create(char *,std::string,double,EOSTScale *,EOSTScale *,int)': cannot convert argument 1 from 'const char [11]' to 'char *'
D:\icad\fsla\eosTableNi.cpp(130,24): message : Conversion from string literal loses const qualifier (see /Zc:strictStrings)
D:\icad\fsla\eosTable_table.h(16,7): message : see declaration of 'EOSTTable::create'
D:\icad\fsla\eosTableNi.cpp(130,16): message : while trying to match the argument list '(const char [11], std::string, double, EOSTScale *, EOSTScale *, int)'
D:\icad\fsla\eosTableNi.cpp(134,10): error C2664: 'void EOSTScale::getFromFile(char *,std::string,int,double,double,double)': cannot convert argument 1 from 'const char [10]' to 'char *'
D:\icad\fsla\eosTableNi.cpp(134,23): message : Conversion from string literal loses const qualifier (see /Zc:strictStrings)
D:\icad\fsla\eosTable_scale.h(17,7): message : see declaration of 'EOSTScale::getFromFile'
D:\icad\fsla\eosTableNi.cpp(134,10): message : while trying to match the argument list '(const char [10], std::string, int, double, double, double)'
D:\icad\fsla\eosTableNi.cpp(135,10): error C2664: 'void EOSTScale::getFromFile(char *,std::string,int,double,double,double)': cannot convert argument 1 from 'const char [10]' to 'char *'
D:\icad\fsla\eosTableNi.cpp(135,23): message : Conversion from string literal loses const qualifier (see /Zc:strictStrings)
D:\icad\fsla\eosTable_scale.h(17,7): message : see declaration of 'EOSTScale::getFromFile'
D:\icad\fsla\eosTableNi.cpp(135,10): message : while trying to match the argument list '(const char [10], std::string, int, double, double, double)'
D:\icad\fsla\eosTableNi.cpp(138,13): error C2664: 'void EOSTTable::create(char *,std::string,double,EOSTScale *,EOSTScale *,int)': cannot convert argument 1 from 'const char [11]' to 'char *'
D:\icad\fsla\eosTableNi.cpp(138,21): message : Conversion from string literal loses const qualifier (see /Zc:strictStrings)
D:\icad\fsla\eosTable_table.h(16,7): message : see declaration of 'EOSTTable::create'
D:\icad\fsla\eosTableNi.cpp(138,13): message : while trying to match the argument list '(const char [11], std::string, double, EOSTScale *, EOSTScale *, int)'
D:\icad\fsla\eosTableNi.cpp(139,13): error C2664: 'void EOSTTable::create(char *,std::string,double,EOSTScale *,EOSTScale *,int)': cannot convert argument 1 from 'const char [11]' to 'char *'
D:\icad\fsla\eosTableNi.cpp(139,21): message : Conversion from string literal loses const qualifier (see /Zc:strictStrings)
D:\icad\fsla\eosTable_table.h(16,7): message : see declaration of 'EOSTTable::create'
D:\icad\fsla\eosTableNi.cpp(139,13): message : while trying to match the argument list '(const char [11], std::string, double, EOSTScale *, EOSTScale *, int)'
D:\icad\fsla\eosTableNi.cpp(143,14): error C2664: 'void EOSTTable::create(char *,std::string,double,EOSTScale *,EOSTScale *,int)': cannot convert argument 1 from 'const char [11]' to 'char *'
D:\icad\fsla\eosTableNi.cpp(143,22): message : Conversion from string literal loses const qualifier (see /Zc:strictStrings)
D:\icad\fsla\eosTable_table.h(16,7): message : see declaration of 'EOSTTable::create'
D:\icad\fsla\eosTableNi.cpp(143,14): message : while trying to match the argument list '(const char [11], std::string, double, EOSTScale *, EOSTScale *, int)'
D:\icad\fsla\eosTableNi.cpp(144,17): error C2664: 'void EOSTTable::create(char *,std::string,double,EOSTScale *,EOSTScale *,int)': cannot convert argument 1 from 'const char [11]' to 'char *'
D:\icad\fsla\eosTableNi.cpp(144,25): message : Conversion from string literal loses const qualifier (see /Zc:strictStrings)
D:\icad\fsla\eosTable_table.h(16,7): message : see declaration of 'EOSTTable::create'
D:\icad\fsla\eosTableNi.cpp(144,17): message : while trying to match the argument list '(const char [11], std::string, double, EOSTScale *, EOSTScale *, int)'
  eosTableTa.cpp
D:\icad\fsla\eosTableTa.cpp(205,16): error C2664: 'void EOSTTable::create(char *,std::string,double,EOSTScale *,EOSTScale *,int)': cannot convert argument 1 from 'const char [11]' to 'char *'
D:\icad\fsla\eosTableTa.cpp(205,24): message : Conversion from string literal loses const qualifier (see /Zc:strictStrings)
D:\icad\fsla\eosTable_table.h(16,7): message : see declaration of 'EOSTTable::create'
D:\icad\fsla\eosTableTa.cpp(205,16): message : while trying to match the argument list '(const char [11], char *, double, EOSTScale *, EOSTScale *, int)'
D:\icad\fsla\eosTableTa.cpp(209,10): error C2664: 'void EOSTScale::getFromFile(char *,std::string,int,double,double,double)': cannot convert argument 1 from 'const char [10]' to 'char *'
D:\icad\fsla\eosTableTa.cpp(209,23): message : Conversion from string literal loses const qualifier (see /Zc:strictStrings)
D:\icad\fsla\eosTable_scale.h(17,7): message : see declaration of 'EOSTScale::getFromFile'
D:\icad\fsla\eosTableTa.cpp(209,10): message : while trying to match the argument list '(const char [10], char *, int, double, double, double)'
D:\icad\fsla\eosTableTa.cpp(210,10): error C2664: 'void EOSTScale::getFromFile(char *,std::string,int,double,double,double)': cannot convert argument 1 from 'const char [10]' to 'char *'
D:\icad\fsla\eosTableTa.cpp(210,23): message : Conversion from string literal loses const qualifier (see /Zc:strictStrings)
D:\icad\fsla\eosTable_scale.h(17,7): message : see declaration of 'EOSTScale::getFromFile'
D:\icad\fsla\eosTableTa.cpp(210,10): message : while trying to match the argument list '(const char [10], char *, int, double, double, double)'
D:\icad\fsla\eosTableTa.cpp(213,13): error C2664: 'void EOSTTable::create(char *,std::string,double,EOSTScale *,EOSTScale *,int)': cannot convert argument 1 from 'const char [11]' to 'char *'
D:\icad\fsla\eosTableTa.cpp(213,21): message : Conversion from string literal loses const qualifier (see /Zc:strictStrings)
D:\icad\fsla\eosTable_table.h(16,7): message : see declaration of 'EOSTTable::create'
D:\icad\fsla\eosTableTa.cpp(213,13): message : while trying to match the argument list '(const char [11], char *, double, EOSTScale *, EOSTScale *, int)'
D:\icad\fsla\eosTableTa.cpp(214,13): error C2664: 'void EOSTTable::create(char *,std::string,double,EOSTScale *,EOSTScale *,int)': cannot convert argument 1 from 'const char [11]' to 'char *'
D:\icad\fsla\eosTableTa.cpp(214,21): message : Conversion from string literal loses const qualifier (see /Zc:strictStrings)
D:\icad\fsla\eosTable_table.h(16,7): message : see declaration of 'EOSTTable::create'
D:\icad\fsla\eosTableTa.cpp(214,13): message : while trying to match the argument list '(const char [11], char *, double, EOSTScale *, EOSTScale *, int)'
D:\icad\fsla\eosTableTa.cpp(219,14): error C2664: 'void EOSTTable::create(char *,std::string,double,EOSTScale *,EOSTScale *,int)': cannot convert argument 1 from 'const char [11]' to 'char *'
D:\icad\fsla\eosTableTa.cpp(219,22): message : Conversion from string literal loses const qualifier (see /Zc:strictStrings)
D:\icad\fsla\eosTable_table.h(16,7): message : see declaration of 'EOSTTable::create'
D:\icad\fsla\eosTableTa.cpp(219,14): message : while trying to match the argument list '(const char [11], char *, double, EOSTScale *, EOSTScale *, int)'
  eosTable_scale.cpp
  eosTable_table.cpp
  EOSBin.cpp
  main.cpp
D:\icad\fsla\main.cpp(1,9): warning C4068: unknown pragma 'GCC'
D:\icad\fsla\main.cpp(2,9): warning C4068: unknown pragma 'GCC'
D:\icad\fsla\main.cpp(3,9): warning C4068: unknown pragma 'GCC'
  cfield.cpp
  methodold.cpp
  methodEuler.cpp
  solver.cpp
  ENO.cpp
  godunov-EOSBin.cpp
  HLL.cpp
  hllc.cpp
  stageExchange.cpp
  stageHeat.cpp
  stageHydro.cpp
  task.cpp
  _matrix4.cpp
  Compiling...
  _vector4.cpp
