d:\icad\fsla\x64\release\eostablefe.obj
d:\icad\fsla\x64\release\eostableau.obj
d:\icad\fsla\x64\release\eostable.obj
d:\icad\fsla\x64\release\eosideal.obj
d:\icad\fsla\x64\release\eosanalyticta.obj
d:\icad\fsla\x64\release\eosanalyticni.obj
d:\icad\fsla\x64\release\eosanalyticfe.obj
d:\icad\fsla\x64\release\eosanalyticau.obj
d:\icad\fsla\x64\release\eosanalytic.obj
d:\icad\fsla\x64\release\eosold.obj
d:\icad\fsla\x64\release\ctesttoro.obj
d:\icad\fsla\x64\release\feos.obj
d:\icad\fsla\x64\release\eosbin.obj
d:\icad\fsla\x64\release\eostable_table.obj
d:\icad\fsla\x64\release\eostable_scale.obj
d:\icad\fsla\x64\release\eostableta.obj
d:\icad\fsla\x64\release\eostableni.obj
d:\icad\fsla\x64\release\eostablefealpha.obj
d:\icad\fsla\x64\release\vc143.pdb
d:\icad\fsla\x64\release\eosfigures.obj
d:\icad\fsla\x64\release\coutput.obj
d:\icad\fsla\x64\release\c1dproblem.obj
d:\icad\fsla\x64\release\c1dfield.obj
d:\icad\fsla\x64\release\c1dbcs.obj
d:\icad\fsla\x64\release\_matrix4.obj
d:\icad\fsla\x64\release\task.obj
d:\icad\fsla\x64\release\stagehydro.obj
d:\icad\fsla\x64\release\stageheat.obj
d:\icad\fsla\x64\release\stageexchange.obj
d:\icad\fsla\x64\release\hllc.obj
d:\icad\fsla\x64\release\hll.obj
d:\icad\fsla\x64\release\godunov-eosbin.obj
d:\icad\fsla\x64\release\eno.obj
d:\icad\fsla\x64\release\solver.obj
d:\icad\fsla\x64\release\methodeuler.obj
d:\icad\fsla\x64\release\methodold.obj
d:\icad\fsla\x64\release\cfield.obj
d:\icad\fsla\x64\release\_vector4.obj
d:\icad\fsla\x64\release\cl.command.1.tlog
d:\icad\fsla\x64\release\cl.read.1.tlog
d:\icad\fsla\x64\release\cl.write.1.tlog
d:\icad\fsla\x64\release\vc110.pdb
d:\icad\fsla\x64\release\fsla.tlog\cl.command.1.tlog
d:\icad\fsla\x64\release\fsla.tlog\cl.read.1.tlog
d:\icad\fsla\x64\release\fsla.tlog\cl.write.1.tlog
