D:\ICAD\FSLA\X64\DEBUG\EOSTABLENI.OBJ
D:\ICAD\FSLA\X64\DEBUG\EOSTABLETA.OBJ
D:\ICAD\FSLA\X64\DEBUG\EOSTABLE_SCALE.OBJ
D:\ICAD\FSLA\X64\DEBUG\EOSTABLE_TABLE.OBJ
D:\ICAD\FSLA\X64\DEBUG\EOSBIN.OBJ
D:\ICAD\FSLA\X64\DEBUG\CFIELD.OBJ
D:\ICAD\FSLA\X64\DEBUG\METHODOLD.OBJ
D:\ICAD\FSLA\X64\DEBUG\METHODEULER.OBJ
D:\ICAD\FSLA\X64\DEBUG\SOLVER.OBJ
D:\ICAD\FSLA\X64\DEBUG\ENO.OBJ
D:\ICAD\FSLA\X64\DEBUG\GODUNOV-EOSBIN.OBJ
D:\ICAD\FSLA\X64\DEBUG\HLL.OBJ
D:\ICAD\FSLA\X64\DEBUG\HLLC.OBJ
D:\ICAD\FSLA\X64\DEBUG\STAGEEXCHANGE.OBJ
D:\ICAD\FSLA\X64\DEBUG\STAGEHEAT.OBJ
D:\ICAD\FSLA\X64\DEBUG\STAGEHYDRO.OBJ
D:\ICAD\FSLA\X64\DEBUG\TASK.OBJ
D:\ICAD\FSLA\X64\DEBUG\_MATRIX4.OBJ
D:\ICAD\FSLA\X64\DEBUG\_VECTOR4.OBJ
D:\ICAD\FSLA\X64\DEBUG\C1DBCS.OBJ
D:\ICAD\FSLA\X64\DEBUG\C1DFIELD.OBJ
D:\ICAD\FSLA\X64\DEBUG\CEOS.OBJ
D:\ICAD\FSLA\X64\DEBUG\C1DPROBLEM.OBJ
D:\ICAD\FSLA\X64\DEBUG\COUTPUT.OBJ
D:\ICAD\FSLA\X64\DEBUG\CTESTTORO.OBJ
D:\ICAD\FSLA\X64\DEBUG\EOSOLD.OBJ
D:\ICAD\FSLA\X64\DEBUG\EOSANALYTIC.OBJ
D:\ICAD\FSLA\X64\DEBUG\EOSANALYTICAU.OBJ
D:\ICAD\FSLA\X64\DEBUG\EOSANALYTICFE.OBJ
D:\ICAD\FSLA\X64\DEBUG\EOSANALYTICNI.OBJ
D:\ICAD\FSLA\X64\DEBUG\EOSANALYTICTA.OBJ
D:\ICAD\FSLA\X64\DEBUG\EOSFIGURES.OBJ
D:\ICAD\FSLA\X64\DEBUG\EOSIDEAL.OBJ
D:\ICAD\FSLA\X64\DEBUG\EOSTABLE.OBJ
D:\ICAD\FSLA\X64\DEBUG\EOSTABLEAU.OBJ
D:\ICAD\FSLA\X64\DEBUG\EOSTABLEFE.OBJ
D:\ICAD\FSLA\X64\DEBUG\EOSTABLEFEALPHA.OBJ
D:\ICAD\FSLA\X64\DEBUG\VC110.PDB
D:\ICAD\FSLA\X64\DEBUG\C1DMETHOD.OBJ
D:\ICAD\FSLA\X64\DEBUG\MAIN.OBJ
D:\ICAD\FSLA\X64\DEBUG\C1DSIMULATION.OBJ
D:\ICAD\FSLA\X64\DEBUG\F1DSIMULATION.OBJ
D:\ICAD\FSLA\X64\DEBUG\F1DRECONSTRUCTION.OBJ
D:\icad\fsla\x64\Debug\C1DBCs.obj
D:\icad\fsla\x64\Debug\C1DField.obj
D:\icad\fsla\x64\Debug\C1DMethod.obj
D:\icad\fsla\x64\Debug\C1DProblem.obj
D:\icad\fsla\x64\Debug\C1DSimulation.obj
D:\icad\fsla\x64\Debug\ceos.obj
D:\icad\fsla\x64\Debug\cfield.obj
D:\icad\fsla\x64\Debug\COutput.obj
D:\icad\fsla\x64\Debug\CTestToro.obj
D:\icad\fsla\x64\Debug\ENO.obj
D:\icad\fsla\x64\Debug\eosAnalytic.obj
D:\icad\fsla\x64\Debug\eosAnalyticAu.obj
D:\icad\fsla\x64\Debug\eosAnalyticFe.obj
D:\icad\fsla\x64\Debug\eosAnalyticNi.obj
D:\icad\fsla\x64\Debug\eosAnalyticTa.obj
D:\icad\fsla\x64\Debug\EOSBin.obj
D:\icad\fsla\x64\Debug\eosFigures.obj
D:\icad\fsla\x64\Debug\eosIdeal.obj
D:\icad\fsla\x64\Debug\eosold.obj
D:\icad\fsla\x64\Debug\eosTable.obj
D:\icad\fsla\x64\Debug\eosTableAu.obj
D:\icad\fsla\x64\Debug\eosTableFe.obj
D:\icad\fsla\x64\Debug\eosTableFeAlpha.obj
D:\icad\fsla\x64\Debug\eosTableNi.obj
D:\icad\fsla\x64\Debug\eosTableTa.obj
D:\icad\fsla\x64\Debug\eosTable_scale.obj
D:\icad\fsla\x64\Debug\eosTable_table.obj
D:\icad\fsla\x64\Debug\F1DReconstruction.obj
D:\icad\fsla\x64\Debug\F1DSimulation.obj
D:\icad\fsla\x64\Debug\godunov-EOSBin.obj
D:\icad\fsla\x64\Debug\HLL.obj
D:\icad\fsla\x64\Debug\hllc.obj
D:\icad\fsla\x64\Debug\main.obj
D:\icad\fsla\x64\Debug\methodEuler.obj
D:\icad\fsla\x64\Debug\methodold.obj
D:\icad\fsla\x64\Debug\solver.obj
D:\icad\fsla\x64\Debug\stageExchange.obj
D:\icad\fsla\x64\Debug\stageHeat.obj
D:\icad\fsla\x64\Debug\stageHydro.obj
D:\icad\fsla\x64\Debug\task.obj
D:\icad\fsla\x64\Debug\_matrix4.obj
D:\icad\fsla\x64\Debug\_vector4.obj
D:\icad\fsla\x64\Debug\cl.command.1.tlog
D:\icad\fsla\x64\Debug\CL.read.1.tlog
D:\icad\fsla\x64\Debug\CL.write.1.tlog
D:\icad\fsla\x64\Debug\link-cvtres.read.1.tlog
D:\icad\fsla\x64\Debug\link-cvtres.write.1.tlog
D:\icad\fsla\x64\Debug\link-rc.read.1.tlog
D:\icad\fsla\x64\Debug\link-rc.write.1.tlog
D:\icad\fsla\x64\Debug\link.10568-cvtres.read.1.tlog
D:\icad\fsla\x64\Debug\link.10568-cvtres.write.1.tlog
D:\icad\fsla\x64\Debug\link.10568-rc.read.1.tlog
D:\icad\fsla\x64\Debug\link.10568-rc.write.1.tlog
D:\icad\fsla\x64\Debug\link.10568.read.1.tlog
D:\icad\fsla\x64\Debug\link.10568.write.1.tlog
D:\icad\fsla\x64\Debug\link.11280-cvtres.read.1.tlog
D:\icad\fsla\x64\Debug\link.11280-cvtres.write.1.tlog
D:\icad\fsla\x64\Debug\link.11280-rc.read.1.tlog
D:\icad\fsla\x64\Debug\link.11280-rc.write.1.tlog
D:\icad\fsla\x64\Debug\link.11280.read.1.tlog
D:\icad\fsla\x64\Debug\link.11280.write.1.tlog
D:\icad\fsla\x64\Debug\link.11792-cvtres.read.1.tlog
D:\icad\fsla\x64\Debug\link.11792-cvtres.write.1.tlog
D:\icad\fsla\x64\Debug\link.11792-rc.read.1.tlog
D:\icad\fsla\x64\Debug\link.11792-rc.write.1.tlog
D:\icad\fsla\x64\Debug\link.11792.read.1.tlog
D:\icad\fsla\x64\Debug\link.11792.write.1.tlog
D:\icad\fsla\x64\Debug\link.12040-cvtres.read.1.tlog
D:\icad\fsla\x64\Debug\link.12040-cvtres.write.1.tlog
D:\icad\fsla\x64\Debug\link.12040-rc.read.1.tlog
D:\icad\fsla\x64\Debug\link.12040-rc.write.1.tlog
D:\icad\fsla\x64\Debug\link.12040.read.1.tlog
D:\icad\fsla\x64\Debug\link.12040.write.1.tlog
D:\icad\fsla\x64\Debug\link.12972-cvtres.read.1.tlog
D:\icad\fsla\x64\Debug\link.12972-cvtres.write.1.tlog
D:\icad\fsla\x64\Debug\link.12972-rc.read.1.tlog
D:\icad\fsla\x64\Debug\link.12972-rc.write.1.tlog
D:\icad\fsla\x64\Debug\link.12972.read.1.tlog
D:\icad\fsla\x64\Debug\link.12972.write.1.tlog
D:\icad\fsla\x64\Debug\link.14684-cvtres.read.1.tlog
D:\icad\fsla\x64\Debug\link.14684-cvtres.write.1.tlog
D:\icad\fsla\x64\Debug\link.14684-rc.read.1.tlog
D:\icad\fsla\x64\Debug\link.14684-rc.write.1.tlog
D:\icad\fsla\x64\Debug\link.14684.read.1.tlog
D:\icad\fsla\x64\Debug\link.14684.write.1.tlog
D:\icad\fsla\x64\Debug\link.15184-cvtres.read.1.tlog
D:\icad\fsla\x64\Debug\link.15184-cvtres.write.1.tlog
D:\icad\fsla\x64\Debug\link.15184-rc.read.1.tlog
D:\icad\fsla\x64\Debug\link.15184-rc.write.1.tlog
D:\icad\fsla\x64\Debug\link.15184.read.1.tlog
D:\icad\fsla\x64\Debug\link.15184.write.1.tlog
D:\icad\fsla\x64\Debug\link.15648-cvtres.read.1.tlog
D:\icad\fsla\x64\Debug\link.15648-cvtres.write.1.tlog
D:\icad\fsla\x64\Debug\link.15648-rc.read.1.tlog
D:\icad\fsla\x64\Debug\link.15648-rc.write.1.tlog
D:\icad\fsla\x64\Debug\link.15648.read.1.tlog
D:\icad\fsla\x64\Debug\link.15648.write.1.tlog
D:\icad\fsla\x64\Debug\link.17156-cvtres.read.1.tlog
D:\icad\fsla\x64\Debug\link.17156-cvtres.write.1.tlog
D:\icad\fsla\x64\Debug\link.17156-rc.read.1.tlog
D:\icad\fsla\x64\Debug\link.17156-rc.write.1.tlog
D:\icad\fsla\x64\Debug\link.17156.read.1.tlog
D:\icad\fsla\x64\Debug\link.17156.write.1.tlog
D:\icad\fsla\x64\Debug\link.1716-cvtres.read.1.tlog
D:\icad\fsla\x64\Debug\link.1716-cvtres.write.1.tlog
D:\icad\fsla\x64\Debug\link.1716-rc.read.1.tlog
D:\icad\fsla\x64\Debug\link.1716-rc.write.1.tlog
D:\icad\fsla\x64\Debug\link.1716.read.1.tlog
D:\icad\fsla\x64\Debug\link.1716.write.1.tlog
D:\icad\fsla\x64\Debug\link.2796-cvtres.read.1.tlog
D:\icad\fsla\x64\Debug\link.2796-cvtres.write.1.tlog
D:\icad\fsla\x64\Debug\link.2796-rc.read.1.tlog
D:\icad\fsla\x64\Debug\link.2796-rc.write.1.tlog
D:\icad\fsla\x64\Debug\link.2796.read.1.tlog
D:\icad\fsla\x64\Debug\link.2796.write.1.tlog
D:\icad\fsla\x64\Debug\link.3320-cvtres.read.1.tlog
D:\icad\fsla\x64\Debug\link.3320-cvtres.write.1.tlog
D:\icad\fsla\x64\Debug\link.3320-rc.read.1.tlog
D:\icad\fsla\x64\Debug\link.3320-rc.write.1.tlog
D:\icad\fsla\x64\Debug\link.3320.read.1.tlog
D:\icad\fsla\x64\Debug\link.3320.write.1.tlog
D:\icad\fsla\x64\Debug\link.4284-cvtres.read.1.tlog
D:\icad\fsla\x64\Debug\link.4284-cvtres.write.1.tlog
D:\icad\fsla\x64\Debug\link.4284-rc.read.1.tlog
D:\icad\fsla\x64\Debug\link.4284-rc.write.1.tlog
D:\icad\fsla\x64\Debug\link.4284.read.1.tlog
D:\icad\fsla\x64\Debug\link.4284.write.1.tlog
D:\icad\fsla\x64\Debug\link.5788-cvtres.read.1.tlog
D:\icad\fsla\x64\Debug\link.5788-cvtres.write.1.tlog
D:\icad\fsla\x64\Debug\link.5788-rc.read.1.tlog
D:\icad\fsla\x64\Debug\link.5788-rc.write.1.tlog
D:\icad\fsla\x64\Debug\link.5788.read.1.tlog
D:\icad\fsla\x64\Debug\link.5788.write.1.tlog
D:\icad\fsla\x64\Debug\link.7372-cvtres.read.1.tlog
D:\icad\fsla\x64\Debug\link.7372-cvtres.write.1.tlog
D:\icad\fsla\x64\Debug\link.7372-rc.read.1.tlog
D:\icad\fsla\x64\Debug\link.7372-rc.write.1.tlog
D:\icad\fsla\x64\Debug\link.7372.read.1.tlog
D:\icad\fsla\x64\Debug\link.7372.write.1.tlog
D:\icad\fsla\x64\Debug\link.8500-cvtres.read.1.tlog
D:\icad\fsla\x64\Debug\link.8500-cvtres.write.1.tlog
D:\icad\fsla\x64\Debug\link.8500-rc.read.1.tlog
D:\icad\fsla\x64\Debug\link.8500-rc.write.1.tlog
D:\icad\fsla\x64\Debug\link.8500.read.1.tlog
D:\icad\fsla\x64\Debug\link.8500.write.1.tlog
D:\icad\fsla\x64\Debug\link.8772-cvtres.read.1.tlog
D:\icad\fsla\x64\Debug\link.8772-cvtres.write.1.tlog
D:\icad\fsla\x64\Debug\link.8772-rc.read.1.tlog
D:\icad\fsla\x64\Debug\link.8772-rc.write.1.tlog
D:\icad\fsla\x64\Debug\link.8772.read.1.tlog
D:\icad\fsla\x64\Debug\link.8772.write.1.tlog
D:\icad\fsla\x64\Debug\link.command.1.tlog
D:\icad\fsla\x64\Debug\link.read.1.tlog
D:\icad\fsla\x64\Debug\link.write.1.tlog
D:\icad\fsla\x64\Debug\vc110.idb
D:\icad\fsla\x64\Debug\fsla.pdb
D:\icad\fsla\x64\Debug\vc110.pdb
